[2019-06-16 16:57:55.608] [exthost] [info] extension host started
[2019-06-16 16:57:55.738] [exthost] [info] ExtensionService#_doActivateExtension vscode.debug-auto-launch {"startup":true,"activationEvent":"*"}
[2019-06-16 16:57:55.738] [exthost] [info] ExtensionService#loadCommonJSModule /opt/visual-studio-code/resources/app/extensions/debug-auto-launch/dist/extension
[2019-06-16 16:57:55.748] [exthost] [info] ExtensionService#_doActivateExtension vscode.emmet {"startup":true,"activationEvent":"*"}
[2019-06-16 16:57:55.748] [exthost] [info] ExtensionService#loadCommonJSModule /opt/visual-studio-code/resources/app/extensions/emmet/dist/extension
[2019-06-16 16:57:55.832] [exthost] [info] ExtensionService#_doActivateExtension vscode.git {"startup":true,"activationEvent":"*"}
[2019-06-16 16:57:55.833] [exthost] [info] ExtensionService#loadCommonJSModule /opt/visual-studio-code/resources/app/extensions/git/dist/main
[2019-06-16 16:57:56.207] [exthost] [info] ExtensionService#_doActivateExtension vscode.merge-conflict {"startup":true,"activationEvent":"*"}
[2019-06-16 16:57:56.208] [exthost] [info] ExtensionService#loadCommonJSModule /opt/visual-studio-code/resources/app/extensions/merge-conflict/dist/extension
[2019-06-16 16:57:56.235] [exthost] [info] ExtensionService#_doActivateExtension HookyQR.beautify {"startup":true,"activationEvent":"*"}
[2019-06-16 16:57:56.235] [exthost] [info] ExtensionService#loadCommonJSModule /home/msradam/.vscode/extensions/hookyqr.beautify-1.5.0/extension
[2019-06-16 16:57:56.396] [exthost] [info] ExtensionService#_doActivateExtension Yummygum.city-lights-icon-vsc {"startup":true,"activationEvent":"*"}
[2019-06-16 16:57:56.396] [exthost] [info] ExtensionService#loadCommonJSModule /home/msradam/.vscode/extensions/yummygum.city-lights-icon-vsc-1.1.3/out/src/extension
[2019-06-16 16:57:56.617] [exthost] [info] eager extensions activated
[2019-06-16 17:08:21.776] [exthost] [info] extension host started
[2019-06-16 17:08:21.828] [exthost] [info] ExtensionService#_doActivateExtension vscode.debug-auto-launch {"startup":true,"activationEvent":"*"}
[2019-06-16 17:08:21.828] [exthost] [info] ExtensionService#loadCommonJSModule /opt/visual-studio-code/resources/app/extensions/debug-auto-launch/dist/extension
[2019-06-16 17:08:21.832] [exthost] [info] ExtensionService#_doActivateExtension vscode.emmet {"startup":true,"activationEvent":"*"}
[2019-06-16 17:08:21.832] [exthost] [info] ExtensionService#loadCommonJSModule /opt/visual-studio-code/resources/app/extensions/emmet/dist/extension
[2019-06-16 17:08:21.839] [exthost] [info] ExtensionService#_doActivateExtension vscode.git {"startup":true,"activationEvent":"*"}
[2019-06-16 17:08:21.839] [exthost] [info] ExtensionService#loadCommonJSModule /opt/visual-studio-code/resources/app/extensions/git/dist/main
[2019-06-16 17:08:21.879] [exthost] [info] ExtensionService#_doActivateExtension vscode.merge-conflict {"startup":true,"activationEvent":"*"}
[2019-06-16 17:08:21.879] [exthost] [info] ExtensionService#loadCommonJSModule /opt/visual-studio-code/resources/app/extensions/merge-conflict/dist/extension
[2019-06-16 17:08:21.882] [exthost] [info] ExtensionService#_doActivateExtension HookyQR.beautify {"startup":true,"activationEvent":"*"}
[2019-06-16 17:08:21.882] [exthost] [info] ExtensionService#loadCommonJSModule /home/msradam/.vscode/extensions/hookyqr.beautify-1.5.0/extension
[2019-06-16 17:08:21.919] [exthost] [info] ExtensionService#_doActivateExtension Yummygum.city-lights-icon-vsc {"startup":true,"activationEvent":"*"}
[2019-06-16 17:08:21.919] [exthost] [info] ExtensionService#loadCommonJSModule /home/msradam/.vscode/extensions/yummygum.city-lights-icon-vsc-1.1.3/out/src/extension
[2019-06-16 17:08:21.969] [exthost] [info] eager extensions activated
[2019-06-16 17:20:30.557] [exthost] [info] ExtensionService#_doActivateExtension vscode.python {"startup":false,"activationEvent":"onLanguage:python"}
[2019-06-16 17:20:30.557] [exthost] [info] ExtensionService#loadCommonJSModule /opt/visual-studio-code/resources/app/extensions/python/out/pythonMain
[2019-06-16 17:20:30.558] [exthost] [info] ExtensionService#_doActivateExtension ms-python.python {"startup":false,"activationEvent":"onLanguage:python"}
[2019-06-16 17:20:30.558] [exthost] [info] ExtensionService#loadCommonJSModule /home/msradam/.vscode/extensions/ms-python.python-2019.5.18875/out/client/extension
[2019-06-16 17:21:20.657] [exthost] [info] ExtensionService#_doActivateExtension vscode.configuration-editing {"startup":false,"activationEvent":"onLanguage:jsonc"}
[2019-06-16 17:21:20.657] [exthost] [info] ExtensionService#loadCommonJSModule /opt/visual-studio-code/resources/app/extensions/configuration-editing/dist/extension
[2019-06-16 17:21:20.709] [exthost] [info] ExtensionService#_doActivateExtension vscode.json-language-features {"startup":false,"activationEvent":"onLanguage:jsonc"}
[2019-06-16 17:21:20.709] [exthost] [info] ExtensionService#loadCommonJSModule /opt/visual-studio-code/resources/app/extensions/json-language-features/client/dist/jsonMain
[2019-06-16 17:21:21.080] [exthost] [info] ExtensionService#_doActivateExtension vscode.typescript-language-features {"startup":false,"activationEvent":"onLanguage:jsonc"}
[2019-06-16 17:21:21.080] [exthost] [info] ExtensionService#loadCommonJSModule /opt/visual-studio-code/resources/app/extensions/typescript-language-features/dist/extension
