[2019-06-12 22:36:18.669] [exthost] [info] extension host started
[2019-06-12 22:36:18.769] [exthost] [info] ExtensionService#_doActivateExtension vscode.python {"startup":false,"activationEvent":"onLanguage:python"}
[2019-06-12 22:36:18.769] [exthost] [info] ExtensionService#loadCommonJSModule /opt/visual-studio-code/resources/app/extensions/python/out/pythonMain
[2019-06-12 22:36:18.772] [exthost] [info] ExtensionService#_doActivateExtension ms-python.python {"startup":false,"activationEvent":"onLanguage:python"}
[2019-06-12 22:36:18.772] [exthost] [info] ExtensionService#loadCommonJSModule /home/msradam/.vscode/extensions/ms-python.python-2019.5.18875/out/client/extension
[2019-06-12 22:36:19.273] [exthost] [info] ExtensionService#_doActivateExtension vscode.debug-auto-launch {"startup":true,"activationEvent":"*"}
[2019-06-12 22:36:19.274] [exthost] [info] ExtensionService#loadCommonJSModule /opt/visual-studio-code/resources/app/extensions/debug-auto-launch/dist/extension
[2019-06-12 22:36:19.284] [exthost] [info] ExtensionService#_doActivateExtension vscode.emmet {"startup":true,"activationEvent":"*"}
[2019-06-12 22:36:19.284] [exthost] [info] ExtensionService#loadCommonJSModule /opt/visual-studio-code/resources/app/extensions/emmet/dist/extension
[2019-06-12 22:36:19.298] [exthost] [info] ExtensionService#_doActivateExtension vscode.git {"startup":true,"activationEvent":"*"}
[2019-06-12 22:36:19.298] [exthost] [info] ExtensionService#loadCommonJSModule /opt/visual-studio-code/resources/app/extensions/git/dist/main
[2019-06-12 22:36:19.432] [exthost] [info] ExtensionService#_doActivateExtension vscode.merge-conflict {"startup":true,"activationEvent":"*"}
[2019-06-12 22:36:19.432] [exthost] [info] ExtensionService#loadCommonJSModule /opt/visual-studio-code/resources/app/extensions/merge-conflict/dist/extension
[2019-06-12 22:36:19.451] [exthost] [info] ExtensionService#_doActivateExtension HookyQR.beautify {"startup":true,"activationEvent":"*"}
[2019-06-12 22:36:19.451] [exthost] [info] ExtensionService#loadCommonJSModule /home/msradam/.vscode/extensions/hookyqr.beautify-1.5.0/extension
[2019-06-12 22:36:19.592] [exthost] [info] ExtensionService#_doActivateExtension Yummygum.city-lights-icon-vsc {"startup":true,"activationEvent":"*"}
[2019-06-12 22:36:19.592] [exthost] [info] ExtensionService#loadCommonJSModule /home/msradam/.vscode/extensions/yummygum.city-lights-icon-vsc-1.1.3/out/src/extension
[2019-06-12 22:36:19.718] [exthost] [info] eager extensions activated
[2019-06-12 22:36:29.063] [exthost] [info] extension host started
[2019-06-12 22:36:29.076] [exthost] [info] ExtensionService#_doActivateExtension vscode.debug-auto-launch {"startup":true,"activationEvent":"*"}
[2019-06-12 22:36:29.076] [exthost] [info] ExtensionService#loadCommonJSModule /opt/visual-studio-code/resources/app/extensions/debug-auto-launch/dist/extension
[2019-06-12 22:36:29.079] [exthost] [info] ExtensionService#_doActivateExtension vscode.emmet {"startup":true,"activationEvent":"*"}
[2019-06-12 22:36:29.079] [exthost] [info] ExtensionService#loadCommonJSModule /opt/visual-studio-code/resources/app/extensions/emmet/dist/extension
[2019-06-12 22:36:29.084] [exthost] [info] ExtensionService#_doActivateExtension vscode.git {"startup":true,"activationEvent":"*"}
[2019-06-12 22:36:29.084] [exthost] [info] ExtensionService#loadCommonJSModule /opt/visual-studio-code/resources/app/extensions/git/dist/main
[2019-06-12 22:36:29.107] [exthost] [info] ExtensionService#_doActivateExtension vscode.merge-conflict {"startup":true,"activationEvent":"*"}
[2019-06-12 22:36:29.107] [exthost] [info] ExtensionService#loadCommonJSModule /opt/visual-studio-code/resources/app/extensions/merge-conflict/dist/extension
[2019-06-12 22:36:29.108] [exthost] [info] ExtensionService#_doActivateExtension HookyQR.beautify {"startup":true,"activationEvent":"*"}
[2019-06-12 22:36:29.108] [exthost] [info] ExtensionService#loadCommonJSModule /home/msradam/.vscode/extensions/hookyqr.beautify-1.5.0/extension
[2019-06-12 22:36:29.127] [exthost] [info] ExtensionService#_doActivateExtension Yummygum.city-lights-icon-vsc {"startup":true,"activationEvent":"*"}
[2019-06-12 22:36:29.127] [exthost] [info] ExtensionService#loadCommonJSModule /home/msradam/.vscode/extensions/yummygum.city-lights-icon-vsc-1.1.3/out/src/extension
[2019-06-12 22:36:29.150] [exthost] [info] eager extensions activated
[2019-06-12 22:57:09.348] [exthost] [info] ExtensionService#_doActivateExtension vscode.configuration-editing {"startup":false,"activationEvent":"onLanguage:jsonc"}
[2019-06-12 22:57:09.348] [exthost] [info] ExtensionService#loadCommonJSModule /opt/visual-studio-code/resources/app/extensions/configuration-editing/dist/extension
[2019-06-12 22:57:09.358] [exthost] [info] ExtensionService#_doActivateExtension vscode.json-language-features {"startup":false,"activationEvent":"onLanguage:jsonc"}
[2019-06-12 22:57:09.358] [exthost] [info] ExtensionService#loadCommonJSModule /opt/visual-studio-code/resources/app/extensions/json-language-features/client/dist/jsonMain
[2019-06-12 22:57:09.374] [exthost] [info] ExtensionService#_doActivateExtension vscode.typescript-language-features {"startup":false,"activationEvent":"onLanguage:jsonc"}
[2019-06-12 22:57:09.374] [exthost] [info] ExtensionService#loadCommonJSModule /opt/visual-studio-code/resources/app/extensions/typescript-language-features/dist/extension
