[2019-06-12 23:13:19.304] [sharedprocess] [info] main {"machineId":"ad81fcc64f0fada8fcea955707f24c89e2a107e4d08d63b3c4724e50fe6eaa8c"}
[2019-06-12 23:13:19.438] [sharedprocess] [info] Scanned user extensions: 9
[2019-06-12 23:13:19.458] [sharedprocess] [info] Scanned user extensions: 9
[2019-06-12 23:13:19.460] [sharedprocess] [info] Scanned system extensions: 72
[2019-06-12 23:13:19.466] [sharedprocess] [info] Deleted from disk jolaleye.horizon-theme-vscode /home/msradam/.vscode/extensions/jolaleye.horizon-theme-vscode-1.8.2
[2019-06-12 23:13:19.467] [sharedprocess] [info] Scanned system extensions: 72
[2019-06-12 23:13:19.472] [sharedprocess] [info] Scanned system extensions: 72
[2019-06-12 23:13:19.473] [sharedprocess] [info] Scanned user extensions: 9
[2019-06-12 23:13:19.478] [sharedprocess] [info] Scanned user extensions: 9
[2019-06-12 23:13:19.506] [sharedprocess] [info] Scanned user extensions: 9
[2019-06-12 23:13:19.526] [sharedprocess] [info] Scanned system extensions: 72
[2019-06-12 23:13:31.714] [sharedprocess] [info] Scanned user extensions: 9
[2019-06-12 23:13:31.718] [sharedprocess] [info] Scanned user extensions: 9
[2019-06-12 23:13:31.731] [sharedprocess] [info] Scanned user extensions: 9
[2019-06-12 23:13:31.741] [sharedprocess] [info] Scanned user extensions: 9
[2019-06-12 23:13:32.012] [sharedprocess] [info] Scanned system extensions: 72
[2019-06-12 23:13:32.029] [sharedprocess] [info] Scanned system extensions: 72
[2019-06-12 23:13:32.058] [sharedprocess] [info] Scanned system extensions: 72
[2019-06-12 23:13:32.256] [sharedprocess] [info] Scanned user extensions: 9
[2019-06-12 23:13:32.308] [sharedprocess] [info] Scanned user extensions: 9
[2019-06-12 23:13:32.357] [sharedprocess] [info] Scanned system extensions: 72
[2019-06-12 23:13:32.436] [sharedprocess] [info] Scanned user extensions: 9
[2019-06-12 23:13:32.443] [sharedprocess] [info] Scanned system extensions: 72
[2019-06-12 23:13:32.463] [sharedprocess] [info] Scanned system extensions: 72
[2019-06-12 23:13:59.181] [sharedprocess] [info] Starting to clean up unused language packs.
[2019-06-12 23:18:19.535] [sharedprocess] [info] Scanned user extensions: 9
[2019-06-12 23:23:19.572] [sharedprocess] [info] Scanned user extensions: 9
[2019-06-12 23:28:19.610] [sharedprocess] [info] Scanned user extensions: 9
[2019-06-12 23:33:19.630] [sharedprocess] [info] Scanned user extensions: 9
[2019-06-12 23:38:19.748] [sharedprocess] [info] Scanned user extensions: 9
[2019-06-12 23:43:19.786] [sharedprocess] [info] Scanned user extensions: 9
[2019-06-12 23:48:19.834] [sharedprocess] [info] Scanned user extensions: 9
[2019-06-12 23:53:19.879] [sharedprocess] [info] Scanned user extensions: 9
[2019-06-12 23:58:19.914] [sharedprocess] [info] Scanned user extensions: 9
[2019-06-13 00:03:19.956] [sharedprocess] [info] Scanned user extensions: 9
[2019-06-13 00:08:19.984] [sharedprocess] [info] Scanned user extensions: 9
[2019-06-13 00:13:20.031] [sharedprocess] [info] Scanned user extensions: 9
[2019-06-13 00:18:20.082] [sharedprocess] [info] Scanned user extensions: 9
[2019-06-13 00:23:20.156] [sharedprocess] [info] Scanned user extensions: 9
[2019-06-13 00:28:20.232] [sharedprocess] [info] Scanned user extensions: 9
[2019-06-13 00:33:20.296] [sharedprocess] [info] Scanned user extensions: 9
